# JRE version: Java(TM) SE Runtime Environment (8.0_151-b12) (build 1.8.0_151-b12)
# Java VM: Java HotSpot(TM) 64-Bit Server VM (25.151-b12 mixed mode linux-amd64 compressed oops)
Heap:
 def new generation   total 63680K, used 59937K [0x00000000c2400000, 0x00000000c6910000, 0x00000000d6d50000)
  eden space 56640K,  97% used [0x00000000c2400000, 0x00000000c59be250, 0x00000000c5b50000)
  from space 7040K,  69% used [0x00000000c6230000, 0x00000000c66fa290, 0x00000000c6910000)
  to   space 7040K,  69% used [0x00000000c5b50000, 0x00000000c6019b88, 0x00000000c6230000)
 tenured generation   total 141324K, used 140479K [0x00000000d6d50000, 0x00000000df753000, 0x0000000100000000)
   the space 141324K,  99% used [0x00000000d6d50000, 0x00000000df67fcf8, 0x00000000df67fe00, 0x00000000df753000)
 Metaspace       used 11347K, capacity 11578K, committed 11904K, reserved 1060864K
  class space    used 1294K, capacity 1361K, committed 1408K, reserved 1048576K
GC Heap History (10 events):
Event: 22.558 GC heap after
Heap after GC invocations=10 (full 1):
 def new generation   total 37312K, used 3925K [0x00000000c2400000, 0x00000000c4c70000, 0x00000000d6d50000)
  eden space 33216K,   0% used [0x00000000c2400000, 0x00000000c2400000, 0x00000000c4470000)
  from space 4096K,  95% used [0x00000000c4470000, 0x00000000c4845688, 0x00000000c4870000)
  to   space 4096K,   0% used [0x00000000c4870000, 0x00000000c4870000, 0x00000000c4c70000)
 tenured generation   total 82688K, used 72079K [0x00000000d6d50000, 0x00000000dbe10000, 0x0000000100000000)
   the space 82688K,  87% used [0x00000000d6d50000, 0x00000000db3b3d20, 0x00000000db3b3e00, 0x00000000dbe10000)
 Metaspace       used 11229K, capacity 11450K, committed 11648K, reserved 1058816K
  class space    used 1294K, capacity 1361K, committed 1408K, reserved 1048576K
}
Event: 22.999 GC heap before
{Heap before GC invocations=10 (full 1):
 def new generation   total 37312K, used 37141K [0x00000000c2400000, 0x00000000c4c70000, 0x00000000d6d50000)
  eden space 33216K, 100% used [0x00000000c2400000, 0x00000000c4470000, 0x00000000c4470000)
  from space 4096K,  95% used [0x00000000c4470000, 0x00000000c4845688, 0x00000000c4870000)
  to   space 4096K,   0% used [0x00000000c4870000, 0x00000000c4870000, 0x00000000c4c70000)
 tenured generation   total 82688K, used 72079K [0x00000000d6d50000, 0x00000000dbe10000, 0x0000000100000000)
   the space 82688K,  87% used [0x00000000d6d50000, 0x00000000db3b3d20, 0x00000000db3b3e00, 0x00000000dbe10000)
 Metaspace       used 11244K, capacity 11450K, committed 11648K, reserved 1058816K
  class space    used 1294K, capacity 1361K, committed 1408K, reserved 1048576K
Event: 23.016 GC heap after
Heap after GC invocations=11 (full 2):
 def new generation   total 63680K, used 3910K [0x00000000c2400000, 0x00000000c6910000, 0x00000000d6d50000)
  eden space 56640K,   6% used [0x00000000c2400000, 0x00000000c27d1940, 0x00000000c5b50000)
  from space 7040K,   0% used [0x00000000c5b50000, 0x00000000c5b50000, 0x00000000c6230000)
  to   space 7040K,   0% used [0x00000000c6230000, 0x00000000c6230000, 0x00000000c6910000)
 tenured generation   total 141324K, used 84793K [0x00000000d6d50000, 0x00000000df753000, 0x0000000100000000)
   the space 141324K,  59% used [0x00000000d6d50000, 0x00000000dc01e4e0, 0x00000000dc01e600, 0x00000000df753000)
 Metaspace       used 11244K, capacity 11450K, committed 11648K, reserved 1058816K
  class space    used 1294K, capacity 1361K, committed 1408K, reserved 1048576K
}
Event: 23.749 GC heap before
{Heap before GC invocations=11 (full 2):
 def new generation   total 63680K, used 53355K [0x00000000c2400000, 0x00000000c6910000, 0x00000000d6d50000)
  eden space 56640K,  94% used [0x00000000c2400000, 0x00000000c581ac10, 0x00000000c5b50000)
  from space 7040K,   0% used [0x00000000c5b50000, 0x00000000c5b50000, 0x00000000c6230000)
  to   space 7040K,   0% used [0x00000000c6230000, 0x00000000c6230000, 0x00000000c6910000)
 tenured generation   total 141324K, used 84793K [0x00000000d6d50000, 0x00000000df753000, 0x0000000100000000)
   the space 141324K,  59% used [0x00000000d6d50000, 0x00000000dc01e4e0, 0x00000000dc01e600, 0x00000000df753000)
 Metaspace       used 11279K, capacity 11514K, committed 11648K, reserved 1058816K
  class space    used 1294K, capacity 1361K, committed 1408K, reserved 1048576K
Event: 23.770 GC heap after
Heap after GC invocations=12 (full 2):
 def new generation   total 63680K, used 5888K [0x00000000c2400000, 0x00000000c6910000, 0x00000000d6d50000)
  eden space 56640K,   0% used [0x00000000c2400000, 0x00000000c2400000, 0x00000000c5b50000)
  from space 7040K,  83% used [0x00000000c6230000, 0x00000000c67f0040, 0x00000000c6910000)
  to   space 7040K,   0% used [0x00000000c5b50000, 0x00000000c5b50000, 0x00000000c6230000)
 tenured generation   total 141324K, used 100418K [0x00000000d6d50000, 0x00000000df753000, 0x0000000100000000)
   the space 141324K,  71% used [0x00000000d6d50000, 0x00000000dcf60aa0, 0x00000000dcf60c00, 0x00000000df753000)
 Metaspace       used 11279K, capacity 11514K, committed 11648K, reserved 1058816K
  class space    used 1294K, capacity 1361K, committed 1408K, reserved 1048576K
}
Event: 24.528 GC heap before
{Heap before GC invocations=12 (full 2):
 def new generation   total 63680K, used 60720K [0x00000000c2400000, 0x00000000c6910000, 0x00000000d6d50000)
  eden space 56640K,  96% used [0x00000000c2400000, 0x00000000c598c118, 0x00000000c5b50000)
  from space 7040K,  83% used [0x00000000c6230000, 0x00000000c67f0040, 0x00000000c6910000)
  to   space 7040K,   0% used [0x00000000c5b50000, 0x00000000c5b50000, 0x00000000c6230000)
 tenured generation   total 141324K, used 100418K [0x00000000d6d50000, 0x00000000df753000, 0x0000000100000000)
   the space 141324K,  71% used [0x00000000d6d50000, 0x00000000dcf60aa0, 0x00000000dcf60c00, 0x00000000df753000)
 Metaspace       used 11304K, capacity 11514K, committed 11648K, reserved 1058816K
  class space    used 1294K, capacity 1361K, committed 1408K, reserved 1048576K
Event: 24.552 GC heap after
Heap after GC invocations=13 (full 2):
 def new generation   total 63680K, used 4910K [0x00000000c2400000, 0x00000000c6910000, 0x00000000d6d50000)
  eden space 56640K,   0% used [0x00000000c2400000, 0x00000000c2400000, 0x00000000c5b50000)
  from space 7040K,  69% used [0x00000000c5b50000, 0x00000000c601b808, 0x00000000c6230000)
  to   space 7040K,   0% used [0x00000000c6230000, 0x00000000c6230000, 0x00000000c6910000)
 tenured generation   total 141324K, used 120937K [0x00000000d6d50000, 0x00000000df753000, 0x0000000100000000)
   the space 141324K,  85% used [0x00000000d6d50000, 0x00000000de36a740, 0x00000000de36a800, 0x00000000df753000)
 Metaspace       used 11304K, capacity 11514K, committed 11648K, reserved 1058816K
  class space    used 1294K, capacity 1361K, committed 1408K, reserved 1048576K
}
Event: 25.282 GC heap before
{Heap before GC invocations=13 (full 2):
 def new generation   total 63680K, used 60144K [0x00000000c2400000, 0x00000000c6910000, 0x00000000d6d50000)
  eden space 56640K,  97% used [0x00000000c2400000, 0x00000000c59f0bb8, 0x00000000c5b50000)
  from space 7040K,  69% used [0x00000000c5b50000, 0x00000000c601b808, 0x00000000c6230000)
  to   space 7040K,   0% used [0x00000000c6230000, 0x00000000c6230000, 0x00000000c6910000)
 tenured generation   total 141324K, used 120937K [0x00000000d6d50000, 0x00000000df753000, 0x0000000100000000)
   the space 141324K,  85% used [0x00000000d6d50000, 0x00000000de36a740, 0x00000000de36a800, 0x00000000df753000)
 Metaspace       used 11326K, capacity 11514K, committed 11648K, reserved 1058816K
  class space    used 1294K, capacity 1361K, committed 1408K, reserved 1048576K
Event: 25.299 GC heap after
Heap after GC invocations=14 (full 2):
 def new generation   total 63680K, used 4904K [0x00000000c2400000, 0x00000000c6910000, 0x00000000d6d50000)
  eden space 56640K,   0% used [0x00000000c2400000, 0x00000000c2400000, 0x00000000c5b50000)
  from space 7040K,  69% used [0x00000000c6230000, 0x00000000c66fa290, 0x00000000c6910000)
  to   space 7040K,   0% used [0x00000000c5b50000, 0x00000000c5b50000, 0x00000000c6230000)
 tenured generation   total 141324K, used 140478K [0x00000000d6d50000, 0x00000000df753000, 0x0000000100000000)
   the space 141324K,  99% used [0x00000000d6d50000, 0x00000000df67fb28, 0x00000000df67fc00, 0x00000000df753000)
 Metaspace       used 11326K, capacity 11514K, committed 11648K, reserved 1058816K
  class space    used 1294K, capacity 1361K, committed 1408K, reserved 1048576K
}
Event: 32.978 GC heap before
{Heap before GC invocations=14 (full 2):
 def new generation   total 63680K, used 59937K [0x00000000c2400000, 0x00000000c6910000, 0x00000000d6d50000)
  eden space 56640K,  97% used [0x00000000c2400000, 0x00000000c59be250, 0x00000000c5b50000)
  from space 7040K,  69% used [0x00000000c6230000, 0x00000000c66fa290, 0x00000000c6910000)
  to   space 7040K,   0% used [0x00000000c5b50000, 0x00000000c5b50000, 0x00000000c6230000)
 tenured generation   total 141324K, used 140478K [0x00000000d6d50000, 0x00000000df753000, 0x0000000100000000)
   the space 141324K,  99% used [0x00000000d6d50000, 0x00000000df67fb28, 0x00000000df67fc00, 0x00000000df753000)
 Metaspace       used 11347K, capacity 11578K, committed 11904K, reserved 1060864K
  class space    used 1294K, capacity 1361K, committed 1408K, reserved 1048576K

