# JRE version: Java(TM) SE Runtime Environment (8.0_151-b12) (build 1.8.0_151-b12)
# Java VM: Java HotSpot(TM) 64-Bit Server VM (25.151-b12 mixed mode linux-amd64 compressed oops)
Heap:
 PSYoungGen      total 287744K, used 35156K [0x00000000eb700000, 0x0000000100000000, 0x0000000100000000)
  eden space 243712K, 0% used [0x00000000eb700000,0x00000000eb700000,0x00000000fa500000)
  from space 44032K, 79% used [0x00000000fa500000,0x00000000fc755190,0x00000000fd000000)
  to   space 49152K, 0% used [0x00000000fd000000,0x00000000fd000000,0x0000000100000000)
 ParOldGen       total 434176K, used 432378K [0x00000000c2400000, 0x00000000dcc00000, 0x00000000eb700000)
  object space 434176K, 99% used [0x00000000c2400000,0x00000000dca3eb20,0x00000000dcc00000)
 Metaspace       used 11589K, capacity 11816K, committed 12160K, reserved 1060864K
  class space    used 1290K, capacity 1354K, committed 1408K, reserved 1048576K
GC Heap History (10 events):
Event: 877.140 GC heap after
Heap after GC invocations=17 (full 5):
 PSYoungGen      total 210944K, used 16603K [0x00000000eb700000, 0x00000000fb000000, 0x0000000100000000)
  eden space 180224K, 0% used [0x00000000eb700000,0x00000000eb700000,0x00000000f6700000)
  from space 30720K, 54% used [0x00000000f8800000,0x00000000f9836e80,0x00000000fa600000)
  to   space 33792K, 0% used [0x00000000f6700000,0x00000000f6700000,0x00000000f8800000)
 ParOldGen       total 326144K, used 236045K [0x00000000c2400000, 0x00000000d6280000, 0x00000000eb700000)
  object space 326144K, 72% used [0x00000000c2400000,0x00000000d0a83530,0x00000000d6280000)
 Metaspace       used 11404K, capacity 11616K, committed 11904K, reserved 1060864K
  class space    used 1290K, capacity 1354K, committed 1408K, reserved 1048576K
}
Event: 880.491 GC heap before
{Heap before GC invocations=18 (full 5):
 PSYoungGen      total 210944K, used 196827K [0x00000000eb700000, 0x00000000fb000000, 0x0000000100000000)
  eden space 180224K, 100% used [0x00000000eb700000,0x00000000f6700000,0x00000000f6700000)
  from space 30720K, 54% used [0x00000000f8800000,0x00000000f9836e80,0x00000000fa600000)
  to   space 33792K, 0% used [0x00000000f6700000,0x00000000f6700000,0x00000000f8800000)
 ParOldGen       total 326144K, used 236045K [0x00000000c2400000, 0x00000000d6280000, 0x00000000eb700000)
  object space 326144K, 72% used [0x00000000c2400000,0x00000000d0a83530,0x00000000d6280000)
 Metaspace       used 11488K, capacity 11688K, committed 11904K, reserved 1060864K
  class space    used 1290K, capacity 1354K, committed 1408K, reserved 1048576K
Event: 880.569 GC heap after
Heap after GC invocations=18 (full 5):
 PSYoungGen      total 214016K, used 33299K [0x00000000eb700000, 0x00000000ff580000, 0x0000000100000000)
  eden space 180224K, 0% used [0x00000000eb700000,0x00000000eb700000,0x00000000f6700000)
  from space 33792K, 98% used [0x00000000f6700000,0x00000000f8784d20,0x00000000f8800000)
  to   space 38400K, 0% used [0x00000000fd000000,0x00000000fd000000,0x00000000ff580000)
 ParOldGen       total 326144K, used 291717K [0x00000000c2400000, 0x00000000d6280000, 0x00000000eb700000)
  object space 326144K, 89% used [0x00000000c2400000,0x00000000d40e1660,0x00000000d6280000)
 Metaspace       used 11488K, capacity 11688K, committed 11904K, reserved 1060864K
  class space    used 1290K, capacity 1354K, committed 1408K, reserved 1048576K
}
Event: 880.569 GC heap before
{Heap before GC invocations=19 (full 6):
 PSYoungGen      total 214016K, used 33299K [0x00000000eb700000, 0x00000000ff580000, 0x0000000100000000)
  eden space 180224K, 0% used [0x00000000eb700000,0x00000000eb700000,0x00000000f6700000)
  from space 33792K, 98% used [0x00000000f6700000,0x00000000f8784d20,0x00000000f8800000)
  to   space 38400K, 0% used [0x00000000fd000000,0x00000000fd000000,0x00000000ff580000)
 ParOldGen       total 326144K, used 291717K [0x00000000c2400000, 0x00000000d6280000, 0x00000000eb700000)
  object space 326144K, 89% used [0x00000000c2400000,0x00000000d40e1660,0x00000000d6280000)
 Metaspace       used 11488K, capacity 11688K, committed 11904K, reserved 1060864K
  class space    used 1290K, capacity 1354K, committed 1408K, reserved 1048576K
Event: 880.605 GC heap after
Heap after GC invocations=19 (full 6):
 PSYoungGen      total 214016K, used 0K [0x00000000eb700000, 0x00000000ff580000, 0x0000000100000000)
  eden space 180224K, 0% used [0x00000000eb700000,0x00000000eb700000,0x00000000f6700000)
  from space 33792K, 0% used [0x00000000f6700000,0x00000000f6700000,0x00000000f8800000)
  to   space 38400K, 0% used [0x00000000fd000000,0x00000000fd000000,0x00000000ff580000)
 ParOldGen       total 425984K, used 319097K [0x00000000c2400000, 0x00000000dc400000, 0x00000000eb700000)
  object space 425984K, 74% used [0x00000000c2400000,0x00000000d5b9e740,0x00000000dc400000)
 Metaspace       used 11488K, capacity 11688K, committed 11904K, reserved 1060864K
  class space    used 1290K, capacity 1354K, committed 1408K, reserved 1048576K
}
Event: 884.089 GC heap before
{Heap before GC invocations=20 (full 6):
 PSYoungGen      total 214016K, used 180224K [0x00000000eb700000, 0x00000000ff580000, 0x0000000100000000)
  eden space 180224K, 100% used [0x00000000eb700000,0x00000000f6700000,0x00000000f6700000)
  from space 33792K, 0% used [0x00000000f6700000,0x00000000f6700000,0x00000000f8800000)
  to   space 38400K, 0% used [0x00000000fd000000,0x00000000fd000000,0x00000000ff580000)
 ParOldGen       total 425984K, used 319097K [0x00000000c2400000, 0x00000000dc400000, 0x00000000eb700000)
  object space 425984K, 74% used [0x00000000c2400000,0x00000000d5b9e740,0x00000000dc400000)
 Metaspace       used 11515K, capacity 11752K, committed 11904K, reserved 1060864K
  class space    used 1290K, capacity 1354K, committed 1408K, reserved 1048576K
Event: 884.151 GC heap after
Heap after GC invocations=20 (full 6):
 PSYoungGen      total 282112K, used 38214K [0x00000000eb700000, 0x0000000100000000, 0x0000000100000000)
  eden space 243712K, 0% used [0x00000000eb700000,0x00000000eb700000,0x00000000fa500000)
  from space 38400K, 99% used [0x00000000fd000000,0x00000000ff551880,0x00000000ff580000)
  to   space 44032K, 0% used [0x00000000fa500000,0x00000000fa500000,0x00000000fd000000)
 ParOldGen       total 425984K, used 350355K [0x00000000c2400000, 0x00000000dc400000, 0x00000000eb700000)
  object space 425984K, 82% used [0x00000000c2400000,0x00000000d7a24fc0,0x00000000dc400000)
 Metaspace       used 11515K, capacity 11752K, committed 11904K, reserved 1060864K
  class space    used 1290K, capacity 1354K, committed 1408K, reserved 1048576K
}
Event: 889.006 GC heap before
{Heap before GC invocations=21 (full 6):
 PSYoungGen      total 282112K, used 281926K [0x00000000eb700000, 0x0000000100000000, 0x0000000100000000)
  eden space 243712K, 100% used [0x00000000eb700000,0x00000000fa500000,0x00000000fa500000)
  from space 38400K, 99% used [0x00000000fd000000,0x00000000ff551880,0x00000000ff580000)
  to   space 44032K, 0% used [0x00000000fa500000,0x00000000fa500000,0x00000000fd000000)
 ParOldGen       total 425984K, used 350355K [0x00000000c2400000, 0x00000000dc400000, 0x00000000eb700000)
  object space 425984K, 82% used [0x00000000c2400000,0x00000000d7a24fe0,0x00000000dc400000)
 Metaspace       used 11589K, capacity 11816K, committed 12160K, reserved 1060864K
  class space    used 1290K, capacity 1354K, committed 1408K, reserved 1048576K
Event: 889.062 GC heap after
Heap after GC invocations=21 (full 6):
 PSYoungGen      total 287744K, used 44009K [0x00000000eb700000, 0x0000000100000000, 0x0000000100000000)
  eden space 243712K, 0% used [0x00000000eb700000,0x00000000eb700000,0x00000000fa500000)
  from space 44032K, 99% used [0x00000000fa500000,0x00000000fcffa600,0x00000000fd000000)
  to   space 49152K, 0% used [0x00000000fd000000,0x00000000fd000000,0x0000000100000000)
 ParOldGen       total 434176K, used 433396K [0x00000000c2400000, 0x00000000dcc00000, 0x00000000eb700000)
  object space 434176K, 99% used [0x00000000c2400000,0x00000000dcb3d080,0x00000000dcc00000)
 Metaspace       used 11589K, capacity 11816K, committed 12160K, reserved 1060864K
  class space    used 1290K, capacity 1354K, committed 1408K, reserved 1048576K
}
Event: 889.062 GC heap before
{Heap before GC invocations=22 (full 7):
 PSYoungGen      total 287744K, used 44009K [0x00000000eb700000, 0x0000000100000000, 0x0000000100000000)
  eden space 243712K, 0% used [0x00000000eb700000,0x00000000eb700000,0x00000000fa500000)
  from space 44032K, 99% used [0x00000000fa500000,0x00000000fcffa600,0x00000000fd000000)
  to   space 49152K, 0% used [0x00000000fd000000,0x00000000fd000000,0x0000000100000000)
 ParOldGen       total 434176K, used 433396K [0x00000000c2400000, 0x00000000dcc00000, 0x00000000eb700000)
  object space 434176K, 99% used [0x00000000c2400000,0x00000000dcb3d080,0x00000000dcc00000)
 Metaspace       used 11589K, capacity 11816K, committed 12160K, reserved 1060864K
  class space    used 1290K, capacity 1354K, committed 1408K, reserved 1048576K

