# JRE version: OpenJDK Runtime Environment (8.0_151-b12) (build 1.8.0_151-8u151-b12-0ubuntu0.16.04.2-b12)
# Java VM: OpenJDK 64-Bit Server VM (25.151-b12 mixed mode linux-amd64 compressed oops)
Heap:
 def new generation   total 36672K, used 34894K [0x00000000e0c00000, 0x00000000e33c0000, 0x00000000eb2a0000)
  eden space 32640K, 100% used [0x00000000e0c00000, 0x00000000e2be0000, 0x00000000e2be0000)
  from space 4032K,  55% used [0x00000000e2fd0000, 0x00000000e3203ab0, 0x00000000e33c0000)
  to   space 4032K,  38% used [0x00000000e2be0000, 0x00000000e2d62878, 0x00000000e2fd0000)
 tenured generation   total 81268K, used 78645K [0x00000000eb2a0000, 0x00000000f01fd000, 0x0000000100000000)
   the space 81268K,  96% used [0x00000000eb2a0000, 0x00000000eff6d5d8, 0x00000000eff6d600, 0x00000000f01fd000)
 Metaspace       used 14647K, capacity 14882K, committed 15232K, reserved 1062912K
  class space    used 1803K, capacity 1884K, committed 1920K, reserved 1048576K
GC Heap History (10 events):
Event: 24.436 GC heap after
Heap after GC invocations=157 (full 3):
 def new generation   total 36672K, used 751K [0x00000000e0c00000, 0x00000000e33c0000, 0x00000000eb2a0000)
  eden space 32640K,   0% used [0x00000000e0c00000, 0x00000000e0c00000, 0x00000000e2be0000)
  from space 4032K,  18% used [0x00000000e2fd0000, 0x00000000e308be70, 0x00000000e33c0000)
  to   space 4032K,   0% used [0x00000000e2be0000, 0x00000000e2be0000, 0x00000000e2fd0000)
 tenured generation   total 81268K, used 76391K [0x00000000eb2a0000, 0x00000000f01fd000, 0x0000000100000000)
   the space 81268K,  93% used [0x00000000eb2a0000, 0x00000000efd39c68, 0x00000000efd39e00, 0x00000000f01fd000)
 Metaspace       used 14647K, capacity 14882K, committed 15232K, reserved 1062912K
  class space    used 1803K, capacity 1884K, committed 1920K, reserved 1048576K
}
Event: 24.470 GC heap before
{Heap before GC invocations=157 (full 3):
 def new generation   total 36672K, used 33391K [0x00000000e0c00000, 0x00000000e33c0000, 0x00000000eb2a0000)
  eden space 32640K, 100% used [0x00000000e0c00000, 0x00000000e2be0000, 0x00000000e2be0000)
  from space 4032K,  18% used [0x00000000e2fd0000, 0x00000000e308be70, 0x00000000e33c0000)
  to   space 4032K,   0% used [0x00000000e2be0000, 0x00000000e2be0000, 0x00000000e2fd0000)
 tenured generation   total 81268K, used 76391K [0x00000000eb2a0000, 0x00000000f01fd000, 0x0000000100000000)
   the space 81268K,  93% used [0x00000000eb2a0000, 0x00000000efd39c68, 0x00000000efd39e00, 0x00000000f01fd000)
 Metaspace       used 14647K, capacity 14882K, committed 15232K, reserved 1062912K
  class space    used 1803K, capacity 1884K, committed 1920K, reserved 1048576K
Event: 24.478 GC heap after
Heap after GC invocations=158 (full 3):
 def new generation   total 36672K, used 1503K [0x00000000e0c00000, 0x00000000e33c0000, 0x00000000eb2a0000)
  eden space 32640K,   0% used [0x00000000e0c00000, 0x00000000e0c00000, 0x00000000e2be0000)
  from space 4032K,  37% used [0x00000000e2be0000, 0x00000000e2d57cf0, 0x00000000e2fd0000)
  to   space 4032K,   0% used [0x00000000e2fd0000, 0x00000000e2fd0000, 0x00000000e33c0000)
 tenured generation   total 81268K, used 76391K [0x00000000eb2a0000, 0x00000000f01fd000, 0x0000000100000000)
   the space 81268K,  93% used [0x00000000eb2a0000, 0x00000000efd39c68, 0x00000000efd39e00, 0x00000000f01fd000)
 Metaspace       used 14647K, capacity 14882K, committed 15232K, reserved 1062912K
  class space    used 1803K, capacity 1884K, committed 1920K, reserved 1048576K
}
Event: 24.503 GC heap before
{Heap before GC invocations=158 (full 3):
 def new generation   total 36672K, used 34143K [0x00000000e0c00000, 0x00000000e33c0000, 0x00000000eb2a0000)
  eden space 32640K, 100% used [0x00000000e0c00000, 0x00000000e2be0000, 0x00000000e2be0000)
  from space 4032K,  37% used [0x00000000e2be0000, 0x00000000e2d57cf0, 0x00000000e2fd0000)
  to   space 4032K,   0% used [0x00000000e2fd0000, 0x00000000e2fd0000, 0x00000000e33c0000)
 tenured generation   total 81268K, used 76391K [0x00000000eb2a0000, 0x00000000f01fd000, 0x0000000100000000)
   the space 81268K,  93% used [0x00000000eb2a0000, 0x00000000efd39c68, 0x00000000efd39e00, 0x00000000f01fd000)
 Metaspace       used 14647K, capacity 14882K, committed 15232K, reserved 1062912K
  class space    used 1803K, capacity 1884K, committed 1920K, reserved 1048576K
Event: 24.508 GC heap after
Heap after GC invocations=159 (full 3):
 def new generation   total 36672K, used 2254K [0x00000000e0c00000, 0x00000000e33c0000, 0x00000000eb2a0000)
  eden space 32640K,   0% used [0x00000000e0c00000, 0x00000000e0c00000, 0x00000000e2be0000)
  from space 4032K,  55% used [0x00000000e2fd0000, 0x00000000e3203a60, 0x00000000e33c0000)
  to   space 4032K,   0% used [0x00000000e2be0000, 0x00000000e2be0000, 0x00000000e2fd0000)
 tenured generation   total 81268K, used 76391K [0x00000000eb2a0000, 0x00000000f01fd000, 0x0000000100000000)
   the space 81268K,  93% used [0x00000000eb2a0000, 0x00000000efd39c68, 0x00000000efd39e00, 0x00000000f01fd000)
 Metaspace       used 14647K, capacity 14882K, committed 15232K, reserved 1062912K
  class space    used 1803K, capacity 1884K, committed 1920K, reserved 1048576K
}
Event: 24.526 GC heap before
{Heap before GC invocations=159 (full 3):
 def new generation   total 36672K, used 34894K [0x00000000e0c00000, 0x00000000e33c0000, 0x00000000eb2a0000)
  eden space 32640K, 100% used [0x00000000e0c00000, 0x00000000e2be0000, 0x00000000e2be0000)
  from space 4032K,  55% used [0x00000000e2fd0000, 0x00000000e3203a60, 0x00000000e33c0000)
  to   space 4032K,   0% used [0x00000000e2be0000, 0x00000000e2be0000, 0x00000000e2fd0000)
 tenured generation   total 81268K, used 76391K [0x00000000eb2a0000, 0x00000000f01fd000, 0x0000000100000000)
   the space 81268K,  93% used [0x00000000eb2a0000, 0x00000000efd39c68, 0x00000000efd39e00, 0x00000000f01fd000)
 Metaspace       used 14647K, capacity 14882K, committed 15232K, reserved 1062912K
  class space    used 1803K, capacity 1884K, committed 1920K, reserved 1048576K
Event: 24.533 GC heap after
Heap after GC invocations=160 (full 3):
 def new generation   total 36672K, used 2254K [0x00000000e0c00000, 0x00000000e33c0000, 0x00000000eb2a0000)
  eden space 32640K,   0% used [0x00000000e0c00000, 0x00000000e0c00000, 0x00000000e2be0000)
  from space 4032K,  55% used [0x00000000e2be0000, 0x00000000e2e13a48, 0x00000000e2fd0000)
  to   space 4032K,   0% used [0x00000000e2fd0000, 0x00000000e2fd0000, 0x00000000e33c0000)
 tenured generation   total 81268K, used 77142K [0x00000000eb2a0000, 0x00000000f01fd000, 0x0000000100000000)
   the space 81268K,  94% used [0x00000000eb2a0000, 0x00000000efdf5a80, 0x00000000efdf5c00, 0x00000000f01fd000)
 Metaspace       used 14647K, capacity 14882K, committed 15232K, reserved 1062912K
  class space    used 1803K, capacity 1884K, committed 1920K, reserved 1048576K
}
Event: 24.886 GC heap before
{Heap before GC invocations=160 (full 3):
 def new generation   total 36672K, used 34894K [0x00000000e0c00000, 0x00000000e33c0000, 0x00000000eb2a0000)
  eden space 32640K, 100% used [0x00000000e0c00000, 0x00000000e2be0000, 0x00000000e2be0000)
  from space 4032K,  55% used [0x00000000e2be0000, 0x00000000e2e13a48, 0x00000000e2fd0000)
  to   space 4032K,   0% used [0x00000000e2fd0000, 0x00000000e2fd0000, 0x00000000e33c0000)
 tenured generation   total 81268K, used 77142K [0x00000000eb2a0000, 0x00000000f01fd000, 0x0000000100000000)
   the space 81268K,  94% used [0x00000000eb2a0000, 0x00000000efdf5a80, 0x00000000efdf5c00, 0x00000000f01fd000)
 Metaspace       used 14647K, capacity 14882K, committed 15232K, reserved 1062912K
  class space    used 1803K, capacity 1884K, committed 1920K, reserved 1048576K
Event: 24.930 GC heap after
Heap after GC invocations=161 (full 3):
 def new generation   total 36672K, used 2254K [0x00000000e0c00000, 0x00000000e33c0000, 0x00000000eb2a0000)
  eden space 32640K,   0% used [0x00000000e0c00000, 0x00000000e0c00000, 0x00000000e2be0000)
  from space 4032K,  55% used [0x00000000e2fd0000, 0x00000000e3203ab0, 0x00000000e33c0000)
  to   space 4032K,   0% used [0x00000000e2be0000, 0x00000000e2be0000, 0x00000000e2fd0000)
 tenured generation   total 81268K, used 77894K [0x00000000eb2a0000, 0x00000000f01fd000, 0x0000000100000000)
   the space 81268K,  95% used [0x00000000eb2a0000, 0x00000000efeb1838, 0x00000000efeb1a00, 0x00000000f01fd000)
 Metaspace       used 14647K, capacity 14882K, committed 15232K, reserved 1062912K
  class space    used 1803K, capacity 1884K, committed 1920K, reserved 1048576K
}
Event: 24.994 GC heap before
{Heap before GC invocations=161 (full 3):
 def new generation   total 36672K, used 34894K [0x00000000e0c00000, 0x00000000e33c0000, 0x00000000eb2a0000)
  eden space 32640K, 100% used [0x00000000e0c00000, 0x00000000e2be0000, 0x00000000e2be0000)
  from space 4032K,  55% used [0x00000000e2fd0000, 0x00000000e3203ab0, 0x00000000e33c0000)
  to   space 4032K,   0% used [0x00000000e2be0000, 0x00000000e2be0000, 0x00000000e2fd0000)
 tenured generation   total 81268K, used 77894K [0x00000000eb2a0000, 0x00000000f01fd000, 0x0000000100000000)
   the space 81268K,  95% used [0x00000000eb2a0000, 0x00000000efeb1838, 0x00000000efeb1a00, 0x00000000f01fd000)
 Metaspace       used 14647K, capacity 14882K, committed 15232K, reserved 1062912K
  class space    used 1803K, capacity 1884K, committed 1920K, reserved 1048576K

