# JRE version: Java(TM) SE Runtime Environment (8.0_151-b12) (build 1.8.0_151-b12)
# Java VM: Java HotSpot(TM) 64-Bit Server VM (25.151-b12 mixed mode linux-amd64 compressed oops)
Heap:
 def new generation   total 19008K, used 13225K [0x00000000c2400000, 0x00000000c38a0000, 0x00000000d6d50000)
  eden space 16896K,  66% used [0x00000000c2400000, 0x00000000c2ef8268, 0x00000000c3480000)
  from space 2112K,  94% used [0x00000000c3690000, 0x00000000c3882400, 0x00000000c38a0000)
  to   space 2112K,   0% used [0x00000000c3480000, 0x00000000c3480000, 0x00000000c3690000)
 tenured generation   total 42368K, used 18330K [0x00000000d6d50000, 0x00000000d96b0000, 0x0000000100000000)
   the space 42368K,  43% used [0x00000000d6d50000, 0x00000000d7f369f8, 0x00000000d7f36a00, 0x00000000d96b0000)
 Metaspace       used 11189K, capacity 11390K, committed 11648K, reserved 1058816K
  class space    used 1293K, capacity 1361K, committed 1408K, reserved 1048576K
GC Heap History (6 events):
Event: 1.595 GC heap before
{Heap before GC invocations=0 (full 0):
 def new generation   total 19008K, used 16896K [0x00000000c2400000, 0x00000000c38a0000, 0x00000000d6d50000)
  eden space 16896K, 100% used [0x00000000c2400000, 0x00000000c3480000, 0x00000000c3480000)
  from space 2112K,   0% used [0x00000000c3480000, 0x00000000c3480000, 0x00000000c3690000)
  to   space 2112K,   0% used [0x00000000c3690000, 0x00000000c3690000, 0x00000000c38a0000)
 tenured generation   total 42368K, used 0K [0x00000000d6d50000, 0x00000000d96b0000, 0x0000000100000000)
   the space 42368K,   0% used [0x00000000d6d50000, 0x00000000d6d50000, 0x00000000d6d50200, 0x00000000d96b0000)
 Metaspace       used 11017K, capacity 11228K, committed 11392K, reserved 1058816K
  class space    used 1274K, capacity 1327K, committed 1408K, reserved 1048576K
Event: 1.611 GC heap after
Heap after GC invocations=1 (full 0):
 def new generation   total 19008K, used 1781K [0x00000000c2400000, 0x00000000c38a0000, 0x00000000d6d50000)
  eden space 16896K,   0% used [0x00000000c2400000, 0x00000000c2400000, 0x00000000c3480000)
  from space 2112K,  84% used [0x00000000c3690000, 0x00000000c384d738, 0x00000000c38a0000)
  to   space 2112K,   0% used [0x00000000c3480000, 0x00000000c3480000, 0x00000000c3690000)
 tenured generation   total 42368K, used 4882K [0x00000000d6d50000, 0x00000000d96b0000, 0x0000000100000000)
   the space 42368K,  11% used [0x00000000d6d50000, 0x00000000d7214b60, 0x00000000d7214c00, 0x00000000d96b0000)
 Metaspace       used 11017K, capacity 11228K, committed 11392K, reserved 1058816K
  class space    used 1274K, capacity 1327K, committed 1408K, reserved 1048576K
}
Event: 5.609 GC heap before
{Heap before GC invocations=1 (full 0):
 def new generation   total 19008K, used 18677K [0x00000000c2400000, 0x00000000c38a0000, 0x00000000d6d50000)
  eden space 16896K, 100% used [0x00000000c2400000, 0x00000000c3480000, 0x00000000c3480000)
  from space 2112K,  84% used [0x00000000c3690000, 0x00000000c384d738, 0x00000000c38a0000)
  to   space 2112K,   0% used [0x00000000c3480000, 0x00000000c3480000, 0x00000000c3690000)
 tenured generation   total 42368K, used 4882K [0x00000000d6d50000, 0x00000000d96b0000, 0x0000000100000000)
   the space 42368K,  11% used [0x00000000d6d50000, 0x00000000d7214b60, 0x00000000d7214c00, 0x00000000d96b0000)
 Metaspace       used 11184K, capacity 11390K, committed 11648K, reserved 1058816K
  class space    used 1293K, capacity 1361K, committed 1408K, reserved 1048576K
Event: 5.628 GC heap after
Heap after GC invocations=2 (full 0):
 def new generation   total 19008K, used 1006K [0x00000000c2400000, 0x00000000c38a0000, 0x00000000d6d50000)
  eden space 16896K,   0% used [0x00000000c2400000, 0x00000000c2400000, 0x00000000c3480000)
  from space 2112K,  47% used [0x00000000c3480000, 0x00000000c357b8d0, 0x00000000c3690000)
  to   space 2112K,   0% used [0x00000000c3690000, 0x00000000c3690000, 0x00000000c38a0000)
 tenured generation   total 42368K, used 14424K [0x00000000d6d50000, 0x00000000d96b0000, 0x0000000100000000)
   the space 42368K,  34% used [0x00000000d6d50000, 0x00000000d7b660e8, 0x00000000d7b66200, 0x00000000d96b0000)
 Metaspace       used 11184K, capacity 11390K, committed 11648K, reserved 1058816K
  class space    used 1293K, capacity 1361K, committed 1408K, reserved 1048576K
}
Event: 6.037 GC heap before
{Heap before GC invocations=2 (full 0):
 def new generation   total 19008K, used 17902K [0x00000000c2400000, 0x00000000c38a0000, 0x00000000d6d50000)
  eden space 16896K, 100% used [0x00000000c2400000, 0x00000000c3480000, 0x00000000c3480000)
  from space 2112K,  47% used [0x00000000c3480000, 0x00000000c357b8d0, 0x00000000c3690000)
  to   space 2112K,   0% used [0x00000000c3690000, 0x00000000c3690000, 0x00000000c38a0000)
 tenured generation   total 42368K, used 14424K [0x00000000d6d50000, 0x00000000d96b0000, 0x0000000100000000)
   the space 42368K,  34% used [0x00000000d6d50000, 0x00000000d7b660e8, 0x00000000d7b66200, 0x00000000d96b0000)
 Metaspace       used 11188K, capacity 11390K, committed 11648K, reserved 1058816K
  class space    used 1293K, capacity 1361K, committed 1408K, reserved 1048576K
Event: 6.066 GC heap after
Heap after GC invocations=3 (full 0):
 def new generation   total 19008K, used 1993K [0x00000000c2400000, 0x00000000c38a0000, 0x00000000d6d50000)
  eden space 16896K,   0% used [0x00000000c2400000, 0x00000000c2400000, 0x00000000c3480000)
  from space 2112K,  94% used [0x00000000c3690000, 0x00000000c3882400, 0x00000000c38a0000)
  to   space 2112K,   0% used [0x00000000c3480000, 0x00000000c3480000, 0x00000000c3690000)
 tenured generation   total 42368K, used 18330K [0x00000000d6d50000, 0x00000000d96b0000, 0x0000000100000000)
   the space 42368K,  43% used [0x00000000d6d50000, 0x00000000d7f369f8, 0x00000000d7f36a00, 0x00000000d96b0000)
 Metaspace       used 11188K, capacity 11390K, committed 11648K, reserved 1058816K
  class space    used 1293K, capacity 1361K, committed 1408K, reserved 1048576K
}

