# JRE version: Java(TM) SE Runtime Environment (8.0_151-b12) (build 1.8.0_151-b12)
# Java VM: Java HotSpot(TM) 64-Bit Server VM (25.151-b12 mixed mode linux-amd64 compressed oops)
Heap:
 def new generation   total 55936K, used 1091K [0x00000000e0c00000, 0x00000000e48b0000, 0x00000000eb2a0000)
  eden space 49728K,   2% used [0x00000000e0c00000, 0x00000000e0d10c28, 0x00000000e3c90000)
  from space 6208K,   0% used [0x00000000e3c90000, 0x00000000e3c90000, 0x00000000e42a0000)
  to   space 6208K,   0% used [0x00000000e42a0000, 0x00000000e42a0000, 0x00000000e48b0000)
 tenured generation   total 124564K, used 124564K [0x00000000eb2a0000, 0x00000000f2c45000, 0x0000000100000000)
   the space 124564K, 100% used [0x00000000eb2a0000, 0x00000000f2c45000, 0x00000000f2c45000, 0x00000000f2c45000)
 Metaspace       used 14812K, capacity 15002K, committed 15232K, reserved 1062912K
  class space    used 1848K, capacity 1908K, committed 1920K, reserved 1048576K
GC Heap History (10 events):
Event: 19.470 GC heap after
Heap after GC invocations=191 (full 4):
 def new generation   total 55936K, used 3325K [0x00000000e0c00000, 0x00000000e48b0000, 0x00000000eb2a0000)
  eden space 49728K,   0% used [0x00000000e0c00000, 0x00000000e0c00000, 0x00000000e3c90000)
  from space 6208K,  53% used [0x00000000e42a0000, 0x00000000e45df640, 0x00000000e48b0000)
  to   space 6208K,   0% used [0x00000000e3c90000, 0x00000000e3c90000, 0x00000000e42a0000)
 tenured generation   total 124180K, used 118802K [0x00000000eb2a0000, 0x00000000f2be5000, 0x0000000100000000)
   the space 124180K,  95% used [0x00000000eb2a0000, 0x00000000f26a4908, 0x00000000f26a4a00, 0x00000000f2be5000)
 Metaspace       used 14812K, capacity 15002K, committed 15232K, reserved 1062912K
  class space    used 1848K, capacity 1908K, committed 1920K, reserved 1048576K
}
Event: 19.495 GC heap before
{Heap before GC invocations=191 (full 4):
 def new generation   total 55936K, used 53053K [0x00000000e0c00000, 0x00000000e48b0000, 0x00000000eb2a0000)
  eden space 49728K, 100% used [0x00000000e0c00000, 0x00000000e3c90000, 0x00000000e3c90000)
  from space 6208K,  53% used [0x00000000e42a0000, 0x00000000e45df640, 0x00000000e48b0000)
  to   space 6208K,   0% used [0x00000000e3c90000, 0x00000000e3c90000, 0x00000000e42a0000)
 tenured generation   total 124180K, used 118802K [0x00000000eb2a0000, 0x00000000f2be5000, 0x0000000100000000)
   the space 124180K,  95% used [0x00000000eb2a0000, 0x00000000f26a4908, 0x00000000f26a4a00, 0x00000000f2be5000)
 Metaspace       used 14812K, capacity 15002K, committed 15232K, reserved 1062912K
  class space    used 1848K, capacity 1908K, committed 1920K, reserved 1048576K
Event: 19.504 GC heap after
Heap after GC invocations=192 (full 4):
 def new generation   total 55936K, used 3434K [0x00000000e0c00000, 0x00000000e48b0000, 0x00000000eb2a0000)
  eden space 49728K,   0% used [0x00000000e0c00000, 0x00000000e0c00000, 0x00000000e3c90000)
  from space 6208K,  55% used [0x00000000e3c90000, 0x00000000e3feab10, 0x00000000e42a0000)
  to   space 6208K,   0% used [0x00000000e42a0000, 0x00000000e42a0000, 0x00000000e48b0000)
 tenured generation   total 124180K, used 119837K [0x00000000eb2a0000, 0x00000000f2be5000, 0x0000000100000000)
   the space 124180K,  96% used [0x00000000eb2a0000, 0x00000000f27a7730, 0x00000000f27a7800, 0x00000000f2be5000)
 Metaspace       used 14812K, capacity 15002K, committed 15232K, reserved 1062912K
  class space    used 1848K, capacity 1908K, committed 1920K, reserved 1048576K
}
Event: 19.560 GC heap before
{Heap before GC invocations=192 (full 4):
 def new generation   total 55936K, used 53162K [0x00000000e0c00000, 0x00000000e48b0000, 0x00000000eb2a0000)
  eden space 49728K, 100% used [0x00000000e0c00000, 0x00000000e3c90000, 0x00000000e3c90000)
  from space 6208K,  55% used [0x00000000e3c90000, 0x00000000e3feab10, 0x00000000e42a0000)
  to   space 6208K,   0% used [0x00000000e42a0000, 0x00000000e42a0000, 0x00000000e48b0000)
 tenured generation   total 124180K, used 119837K [0x00000000eb2a0000, 0x00000000f2be5000, 0x0000000100000000)
   the space 124180K,  96% used [0x00000000eb2a0000, 0x00000000f27a7730, 0x00000000f27a7800, 0x00000000f2be5000)
 Metaspace       used 14812K, capacity 15002K, committed 15232K, reserved 1062912K
  class space    used 1848K, capacity 1908K, committed 1920K, reserved 1048576K
Event: 19.571 GC heap after
Heap after GC invocations=193 (full 4):
 def new generation   total 55936K, used 3657K [0x00000000e0c00000, 0x00000000e48b0000, 0x00000000eb2a0000)
  eden space 49728K,   0% used [0x00000000e0c00000, 0x00000000e0c00000, 0x00000000e3c90000)
  from space 6208K,  58% used [0x00000000e42a0000, 0x00000000e4632780, 0x00000000e48b0000)
  to   space 6208K,   0% used [0x00000000e3c90000, 0x00000000e3c90000, 0x00000000e42a0000)
 tenured generation   total 124180K, used 120982K [0x00000000eb2a0000, 0x00000000f2be5000, 0x0000000100000000)
   the space 124180K,  97% used [0x00000000eb2a0000, 0x00000000f28c5b10, 0x00000000f28c5c00, 0x00000000f2be5000)
 Metaspace       used 14812K, capacity 15002K, committed 15232K, reserved 1062912K
  class space    used 1848K, capacity 1908K, committed 1920K, reserved 1048576K
}
Event: 19.605 GC heap before
{Heap before GC invocations=193 (full 4):
 def new generation   total 55936K, used 53385K [0x00000000e0c00000, 0x00000000e48b0000, 0x00000000eb2a0000)
  eden space 49728K, 100% used [0x00000000e0c00000, 0x00000000e3c90000, 0x00000000e3c90000)
  from space 6208K,  58% used [0x00000000e42a0000, 0x00000000e4632780, 0x00000000e48b0000)
  to   space 6208K,   0% used [0x00000000e3c90000, 0x00000000e3c90000, 0x00000000e42a0000)
 tenured generation   total 124180K, used 120982K [0x00000000eb2a0000, 0x00000000f2be5000, 0x0000000100000000)
   the space 124180K,  97% used [0x00000000eb2a0000, 0x00000000f28c5b10, 0x00000000f28c5c00, 0x00000000f2be5000)
 Metaspace       used 14812K, capacity 15002K, committed 15232K, reserved 1062912K
  class space    used 1848K, capacity 1908K, committed 1920K, reserved 1048576K
Event: 19.613 GC heap after
Heap after GC invocations=194 (full 4):
 def new generation   total 55936K, used 3902K [0x00000000e0c00000, 0x00000000e48b0000, 0x00000000eb2a0000)
  eden space 49728K,   0% used [0x00000000e0c00000, 0x00000000e0c00000, 0x00000000e3c90000)
  from space 6208K,  62% used [0x00000000e3c90000, 0x00000000e405faf0, 0x00000000e42a0000)
  to   space 6208K,   0% used [0x00000000e42a0000, 0x00000000e42a0000, 0x00000000e48b0000)
 tenured generation   total 124180K, used 122127K [0x00000000eb2a0000, 0x00000000f2be5000, 0x0000000100000000)
   the space 124180K,  98% used [0x00000000eb2a0000, 0x00000000f29e3ea8, 0x00000000f29e4000, 0x00000000f2be5000)
 Metaspace       used 14812K, capacity 15002K, committed 15232K, reserved 1062912K
  class space    used 1848K, capacity 1908K, committed 1920K, reserved 1048576K
}
Event: 19.707 GC heap before
{Heap before GC invocations=194 (full 4):
 def new generation   total 55936K, used 53630K [0x00000000e0c00000, 0x00000000e48b0000, 0x00000000eb2a0000)
  eden space 49728K, 100% used [0x00000000e0c00000, 0x00000000e3c90000, 0x00000000e3c90000)
  from space 6208K,  62% used [0x00000000e3c90000, 0x00000000e405faf0, 0x00000000e42a0000)
  to   space 6208K,   0% used [0x00000000e42a0000, 0x00000000e42a0000, 0x00000000e48b0000)
 tenured generation   total 124180K, used 122127K [0x00000000eb2a0000, 0x00000000f2be5000, 0x0000000100000000)
   the space 124180K,  98% used [0x00000000eb2a0000, 0x00000000f29e3ea8, 0x00000000f29e4000, 0x00000000f2be5000)
 Metaspace       used 14812K, capacity 15002K, committed 15232K, reserved 1062912K
  class space    used 1848K, capacity 1908K, committed 1920K, reserved 1048576K
Event: 19.720 GC heap after
Heap after GC invocations=195 (full 4):
 def new generation   total 55936K, used 4106K [0x00000000e0c00000, 0x00000000e48b0000, 0x00000000eb2a0000)
  eden space 49728K,   0% used [0x00000000e0c00000, 0x00000000e0c00000, 0x00000000e3c90000)
  from space 6208K,  66% used [0x00000000e42a0000, 0x00000000e46a2ae0, 0x00000000e48b0000)
  to   space 6208K,   0% used [0x00000000e3c90000, 0x00000000e3c90000, 0x00000000e42a0000)
 tenured generation   total 124180K, used 123272K [0x00000000eb2a0000, 0x00000000f2be5000, 0x0000000100000000)
   the space 124180K,  99% used [0x00000000eb2a0000, 0x00000000f2b02240, 0x00000000f2b02400, 0x00000000f2be5000)
 Metaspace       used 14812K, capacity 15002K, committed 15232K, reserved 1062912K
  class space    used 1848K, capacity 1908K, committed 1920K, reserved 1048576K
}
Event: 19.743 GC heap before
{Heap before GC invocations=195 (full 4):
 def new generation   total 55936K, used 53834K [0x00000000e0c00000, 0x00000000e48b0000, 0x00000000eb2a0000)
  eden space 49728K, 100% used [0x00000000e0c00000, 0x00000000e3c90000, 0x00000000e3c90000)
  from space 6208K,  66% used [0x00000000e42a0000, 0x00000000e46a2ae0, 0x00000000e48b0000)
  to   space 6208K,   0% used [0x00000000e3c90000, 0x00000000e3c90000, 0x00000000e42a0000)
 tenured generation   total 124180K, used 123272K [0x00000000eb2a0000, 0x00000000f2be5000, 0x0000000100000000)
   the space 124180K,  99% used [0x00000000eb2a0000, 0x00000000f2b02240, 0x00000000f2b02400, 0x00000000f2be5000)
 Metaspace       used 14812K, capacity 15002K, committed 15232K, reserved 1062912K
  class space    used 1848K, capacity 1908K, committed 1920K, reserved 1048576K

