# JRE version: Java(TM) SE Runtime Environment (8.0_151-b12) (build 1.8.0_151-b12)
# Java VM: Java HotSpot(TM) 64-Bit Server VM (25.151-b12 mixed mode linux-amd64 compressed oops)
Heap:
 def new generation   total 62976K, used 5874K [0x00000000c2400000, 0x00000000c6850000, 0x00000000d6d50000)
  eden space 56000K,  10% used [0x00000000c2400000, 0x00000000c29bc968, 0x00000000c5ab0000)
  from space 6976K,   0% used [0x00000000c6180000, 0x00000000c6180000, 0x00000000c6850000)
  to   space 6976K,   0% used [0x00000000c5ab0000, 0x00000000c5ab0000, 0x00000000c6180000)
 tenured generation   total 143660K, used 140540K [0x00000000d6d50000, 0x00000000df99b000, 0x0000000100000000)
   the space 143660K,  97% used [0x00000000d6d50000, 0x00000000df68f328, 0x00000000df68f400, 0x00000000df99b000)
 Metaspace       used 11316K, capacity 11506K, committed 11648K, reserved 1058816K
  class space    used 1294K, capacity 1361K, committed 1408K, reserved 1048576K
GC Heap History (10 events):
Event: 7.888 GC heap after
Heap after GC invocations=9 (full 1):
 def new generation   total 32896K, used 995K [0x00000000c2400000, 0x00000000c47b0000, 0x00000000d6d50000)
  eden space 29248K,   0% used [0x00000000c2400000, 0x00000000c2400000, 0x00000000c4090000)
  from space 3648K,  27% used [0x00000000c4090000, 0x00000000c4188d40, 0x00000000c4420000)
  to   space 3648K,   0% used [0x00000000c4420000, 0x00000000c4420000, 0x00000000c47b0000)
 tenured generation   total 72980K, used 64299K [0x00000000d6d50000, 0x00000000db495000, 0x0000000100000000)
   the space 72980K,  88% used [0x00000000d6d50000, 0x00000000dac1af88, 0x00000000dac1b000, 0x00000000db495000)
 Metaspace       used 11229K, capacity 11438K, committed 11648K, reserved 1058816K
  class space    used 1294K, capacity 1361K, committed 1408K, reserved 1048576K
}
Event: 8.360 GC heap before
{Heap before GC invocations=9 (full 1):
 def new generation   total 32896K, used 26721K [0x00000000c2400000, 0x00000000c47b0000, 0x00000000d6d50000)
  eden space 29248K,  87% used [0x00000000c2400000, 0x00000000c3d1f7c8, 0x00000000c4090000)
  from space 3648K,  27% used [0x00000000c4090000, 0x00000000c4188d40, 0x00000000c4420000)
  to   space 3648K,   0% used [0x00000000c4420000, 0x00000000c4420000, 0x00000000c47b0000)
 tenured generation   total 72980K, used 64299K [0x00000000d6d50000, 0x00000000db495000, 0x0000000100000000)
   the space 72980K,  88% used [0x00000000d6d50000, 0x00000000dac1af88, 0x00000000dac1b000, 0x00000000db495000)
 Metaspace       used 11242K, capacity 11438K, committed 11648K, reserved 1058816K
  class space    used 1294K, capacity 1361K, committed 1408K, reserved 1048576K
Event: 8.373 GC heap after
Heap after GC invocations=10 (full 1):
 def new generation   total 32896K, used 997K [0x00000000c2400000, 0x00000000c47b0000, 0x00000000d6d50000)
  eden space 29248K,   0% used [0x00000000c2400000, 0x00000000c2400000, 0x00000000c4090000)
  from space 3648K,  27% used [0x00000000c4420000, 0x00000000c45197b8, 0x00000000c47b0000)
  to   space 3648K,   0% used [0x00000000c4090000, 0x00000000c4090000, 0x00000000c4420000)
 tenured generation   total 72980K, used 72112K [0x00000000d6d50000, 0x00000000db495000, 0x0000000100000000)
   the space 72980K,  98% used [0x00000000d6d50000, 0x00000000db3bc1a8, 0x00000000db3bc200, 0x00000000db495000)
 Metaspace       used 11242K, capacity 11438K, committed 11648K, reserved 1058816K
  class space    used 1294K, capacity 1361K, committed 1408K, reserved 1048576K
}
Event: 8.722 GC heap before
{Heap before GC invocations=10 (full 1):
 def new generation   total 32896K, used 30245K [0x00000000c2400000, 0x00000000c47b0000, 0x00000000d6d50000)
  eden space 29248K, 100% used [0x00000000c2400000, 0x00000000c4090000, 0x00000000c4090000)
  from space 3648K,  27% used [0x00000000c4420000, 0x00000000c45197b8, 0x00000000c47b0000)
  to   space 3648K,   0% used [0x00000000c4090000, 0x00000000c4090000, 0x00000000c4420000)
 tenured generation   total 72980K, used 72112K [0x00000000d6d50000, 0x00000000db495000, 0x0000000100000000)
   the space 72980K,  98% used [0x00000000d6d50000, 0x00000000db3bc1a8, 0x00000000db3bc200, 0x00000000db495000)
 Metaspace       used 11248K, capacity 11438K, committed 11648K, reserved 1058816K
  class space    used 1294K, capacity 1361K, committed 1408K, reserved 1048576K
Event: 8.747 GC heap after
Heap after GC invocations=11 (full 2):
 def new generation   total 62976K, used 979K [0x00000000c2400000, 0x00000000c6850000, 0x00000000d6d50000)
  eden space 56000K,   1% used [0x00000000c2400000, 0x00000000c24f4e50, 0x00000000c5ab0000)
  from space 6976K,   0% used [0x00000000c5ab0000, 0x00000000c5ab0000, 0x00000000c6180000)
  to   space 6976K,   0% used [0x00000000c6180000, 0x00000000c6180000, 0x00000000c6850000)
 tenured generation   total 139752K, used 83851K [0x00000000d6d50000, 0x00000000df5ca000, 0x0000000100000000)
   the space 139752K,  59% used [0x00000000d6d50000, 0x00000000dbf32cb0, 0x00000000dbf32e00, 0x00000000df5ca000)
 Metaspace       used 11248K, capacity 11438K, committed 11648K, reserved 1058816K
  class space    used 1294K, capacity 1361K, committed 1408K, reserved 1048576K
}
Event: 9.653 GC heap before
{Heap before GC invocations=11 (full 2):
 def new generation   total 62976K, used 56000K [0x00000000c2400000, 0x00000000c6850000, 0x00000000d6d50000)
  eden space 56000K, 100% used [0x00000000c2400000, 0x00000000c5ab0000, 0x00000000c5ab0000)
  from space 6976K,   0% used [0x00000000c5ab0000, 0x00000000c5ab0000, 0x00000000c6180000)
  to   space 6976K,   0% used [0x00000000c6180000, 0x00000000c6180000, 0x00000000c6850000)
 tenured generation   total 139752K, used 83851K [0x00000000d6d50000, 0x00000000df5ca000, 0x0000000100000000)
   the space 139752K,  59% used [0x00000000d6d50000, 0x00000000dbf32cb0, 0x00000000dbf32e00, 0x00000000df5ca000)
 Metaspace       used 11263K, capacity 11502K, committed 11648K, reserved 1058816K
  class space    used 1294K, capacity 1361K, committed 1408K, reserved 1048576K
Event: 9.668 GC heap after
Heap after GC invocations=12 (full 2):
 def new generation   total 62976K, used 6869K [0x00000000c2400000, 0x00000000c6850000, 0x00000000d6d50000)
  eden space 56000K,   0% used [0x00000000c2400000, 0x00000000c2400000, 0x00000000c5ab0000)
  from space 6976K,  98% used [0x00000000c6180000, 0x00000000c6835530, 0x00000000c6850000)
  to   space 6976K,   0% used [0x00000000c5ab0000, 0x00000000c5ab0000, 0x00000000c6180000)
 tenured generation   total 139752K, used 99476K [0x00000000d6d50000, 0x00000000df5ca000, 0x0000000100000000)
   the space 139752K,  71% used [0x00000000d6d50000, 0x00000000dce750f0, 0x00000000dce75200, 0x00000000df5ca000)
 Metaspace       used 11263K, capacity 11502K, committed 11648K, reserved 1058816K
  class space    used 1294K, capacity 1361K, committed 1408K, reserved 1048576K
}
Event: 10.528 GC heap before
{Heap before GC invocations=12 (full 2):
 def new generation   total 62976K, used 61932K [0x00000000c2400000, 0x00000000c6850000, 0x00000000d6d50000)
  eden space 56000K,  98% used [0x00000000c2400000, 0x00000000c59c5c70, 0x00000000c5ab0000)
  from space 6976K,  98% used [0x00000000c6180000, 0x00000000c6835530, 0x00000000c6850000)
  to   space 6976K,   0% used [0x00000000c5ab0000, 0x00000000c5ab0000, 0x00000000c6180000)
 tenured generation   total 139752K, used 99476K [0x00000000d6d50000, 0x00000000df5ca000, 0x0000000100000000)
   the space 139752K,  71% used [0x00000000d6d50000, 0x00000000dce750f0, 0x00000000dce75200, 0x00000000df5ca000)
 Metaspace       used 11290K, capacity 11502K, committed 11648K, reserved 1058816K
  class space    used 1294K, capacity 1361K, committed 1408K, reserved 1048576K
Event: 10.549 GC heap after
Heap after GC invocations=13 (full 2):
 def new generation   total 62976K, used 4923K [0x00000000c2400000, 0x00000000c6850000, 0x00000000d6d50000)
  eden space 56000K,   0% used [0x00000000c2400000, 0x00000000c2400000, 0x00000000c5ab0000)
  from space 6976K,  70% used [0x00000000c5ab0000, 0x00000000c5f7efb8, 0x00000000c6180000)
  to   space 6976K,   0% used [0x00000000c6180000, 0x00000000c6180000, 0x00000000c6850000)
 tenured generation   total 139752K, used 120976K [0x00000000d6d50000, 0x00000000df5ca000, 0x0000000100000000)
   the space 139752K,  86% used [0x00000000d6d50000, 0x00000000de374278, 0x00000000de374400, 0x00000000df5ca000)
 Metaspace       used 11290K, capacity 11502K, committed 11648K, reserved 1058816K
  class space    used 1294K, capacity 1361K, committed 1408K, reserved 1048576K
}
Event: 11.437 GC heap before
{Heap before GC invocations=13 (full 2):
 def new generation   total 62976K, used 60861K [0x00000000c2400000, 0x00000000c6850000, 0x00000000d6d50000)
  eden space 56000K,  99% used [0x00000000c2400000, 0x00000000c5aa05f8, 0x00000000c5ab0000)
  from space 6976K,  70% used [0x00000000c5ab0000, 0x00000000c5f7efb8, 0x00000000c6180000)
  to   space 6976K,   0% used [0x00000000c6180000, 0x00000000c6180000, 0x00000000c6850000)
 tenured generation   total 139752K, used 120976K [0x00000000d6d50000, 0x00000000df5ca000, 0x0000000100000000)
   the space 139752K,  86% used [0x00000000d6d50000, 0x00000000de374278, 0x00000000de374400, 0x00000000df5ca000)
 Metaspace       used 11316K, capacity 11506K, committed 11648K, reserved 1058816K
  class space    used 1294K, capacity 1361K, committed 1408K, reserved 1048576K

