# JRE version: OpenJDK Runtime Environment (8.0_151-b12) (build 1.8.0_151-8u151-b12-0ubuntu0.16.04.2-b12)
# Java VM: OpenJDK 64-Bit Server VM (25.151-b12 mixed mode linux-amd64 compressed oops)
Heap:
 def new generation   total 47040K, used 977K [0x00000000e0c00000, 0x00000000e3f00000, 0x00000000eb2a0000)
  eden space 41856K,   2% used [0x00000000e0c00000, 0x00000000e0cf46e0, 0x00000000e34e0000)
  from space 5184K,   0% used [0x00000000e39f0000, 0x00000000e39f0000, 0x00000000e3f00000)
  to   space 5184K,   0% used [0x00000000e34e0000, 0x00000000e34e0000, 0x00000000e39f0000)
 tenured generation   total 104740K, used 103818K [0x00000000eb2a0000, 0x00000000f18e9000, 0x0000000100000000)
   the space 104740K,  99% used [0x00000000eb2a0000, 0x00000000f18028f8, 0x00000000f1802a00, 0x00000000f18e9000)
 Metaspace       used 15623K, capacity 15886K, committed 16128K, reserved 1062912K
  class space    used 1885K, capacity 1982K, committed 2048K, reserved 1048576K
GC Heap History (10 events):
Event: 32.525 GC heap after
Heap after GC invocations=186 (full 3):
 def new generation   total 47040K, used 3693K [0x00000000e0c00000, 0x00000000e3f00000, 0x00000000eb2a0000)
  eden space 41856K,   0% used [0x00000000e0c00000, 0x00000000e0c00000, 0x00000000e34e0000)
  from space 5184K,  71% used [0x00000000e34e0000, 0x00000000e387b640, 0x00000000e39f0000)
  to   space 5184K,   0% used [0x00000000e39f0000, 0x00000000e39f0000, 0x00000000e3f00000)
 tenured generation   total 104300K, used 86498K [0x00000000eb2a0000, 0x00000000f187b000, 0x0000000100000000)
   the space 104300K,  82% used [0x00000000eb2a0000, 0x00000000f0718970, 0x00000000f0718a00, 0x00000000f187b000)
 Metaspace       used 14512K, capacity 14726K, committed 14976K, reserved 1062912K
  class space    used 1785K, capacity 1852K, committed 1920K, reserved 1048576K
}
Event: 33.714 GC heap before
{Heap before GC invocations=186 (full 3):
 def new generation   total 47040K, used 45439K [0x00000000e0c00000, 0x00000000e3f00000, 0x00000000eb2a0000)
  eden space 41856K,  99% used [0x00000000e0c00000, 0x00000000e34c4970, 0x00000000e34e0000)
  from space 5184K,  71% used [0x00000000e34e0000, 0x00000000e387b640, 0x00000000e39f0000)
  to   space 5184K,   0% used [0x00000000e39f0000, 0x00000000e39f0000, 0x00000000e3f00000)
 tenured generation   total 104300K, used 86498K [0x00000000eb2a0000, 0x00000000f187b000, 0x0000000100000000)
   the space 104300K,  82% used [0x00000000eb2a0000, 0x00000000f0718970, 0x00000000f0718a00, 0x00000000f187b000)
 Metaspace       used 14927K, capacity 15150K, committed 15488K, reserved 1062912K
  class space    used 1831K, capacity 1886K, committed 1920K, reserved 1048576K
Event: 33.722 GC heap after
Heap after GC invocations=187 (full 3):
 def new generation   total 47040K, used 1281K [0x00000000e0c00000, 0x00000000e3f00000, 0x00000000eb2a0000)
  eden space 41856K,   0% used [0x00000000e0c00000, 0x00000000e0c00000, 0x00000000e34e0000)
  from space 5184K,  24% used [0x00000000e39f0000, 0x00000000e3b30668, 0x00000000e3f00000)
  to   space 5184K,   0% used [0x00000000e34e0000, 0x00000000e34e0000, 0x00000000e39f0000)
 tenured generation   total 104300K, used 88711K [0x00000000eb2a0000, 0x00000000f187b000, 0x0000000100000000)
   the space 104300K,  85% used [0x00000000eb2a0000, 0x00000000f0941cc8, 0x00000000f0941e00, 0x00000000f187b000)
 Metaspace       used 14927K, capacity 15150K, committed 15488K, reserved 1062912K
  class space    used 1831K, capacity 1886K, committed 1920K, reserved 1048576K
}
Event: 35.095 GC heap before
{Heap before GC invocations=187 (full 3):
 def new generation   total 47040K, used 43043K [0x00000000e0c00000, 0x00000000e3f00000, 0x00000000eb2a0000)
  eden space 41856K,  99% used [0x00000000e0c00000, 0x00000000e34c8860, 0x00000000e34e0000)
  from space 5184K,  24% used [0x00000000e39f0000, 0x00000000e3b30668, 0x00000000e3f00000)
  to   space 5184K,   0% used [0x00000000e34e0000, 0x00000000e34e0000, 0x00000000e39f0000)
 tenured generation   total 104300K, used 88711K [0x00000000eb2a0000, 0x00000000f187b000, 0x0000000100000000)
   the space 104300K,  85% used [0x00000000eb2a0000, 0x00000000f0941cc8, 0x00000000f0941e00, 0x00000000f187b000)
 Metaspace       used 14935K, capacity 15150K, committed 15488K, reserved 1062912K
  class space    used 1831K, capacity 1886K, committed 1920K, reserved 1048576K
Event: 35.097 GC heap after
Heap after GC invocations=188 (full 3):
 def new generation   total 47040K, used 1274K [0x00000000e0c00000, 0x00000000e3f00000, 0x00000000eb2a0000)
  eden space 41856K,   0% used [0x00000000e0c00000, 0x00000000e0c00000, 0x00000000e34e0000)
  from space 5184K,  24% used [0x00000000e34e0000, 0x00000000e361eb88, 0x00000000e39f0000)
  to   space 5184K,   0% used [0x00000000e39f0000, 0x00000000e39f0000, 0x00000000e3f00000)
 tenured generation   total 104300K, used 88711K [0x00000000eb2a0000, 0x00000000f187b000, 0x0000000100000000)
   the space 104300K,  85% used [0x00000000eb2a0000, 0x00000000f0941cc8, 0x00000000f0941e00, 0x00000000f187b000)
 Metaspace       used 14935K, capacity 15150K, committed 15488K, reserved 1062912K
  class space    used 1831K, capacity 1886K, committed 1920K, reserved 1048576K
}
Event: 37.547 GC heap before
{Heap before GC invocations=188 (full 3):
 def new generation   total 47040K, used 43130K [0x00000000e0c00000, 0x00000000e3f00000, 0x00000000eb2a0000)
  eden space 41856K, 100% used [0x00000000e0c00000, 0x00000000e34e0000, 0x00000000e34e0000)
  from space 5184K,  24% used [0x00000000e34e0000, 0x00000000e361eb88, 0x00000000e39f0000)
  to   space 5184K,   0% used [0x00000000e39f0000, 0x00000000e39f0000, 0x00000000e3f00000)
 tenured generation   total 104300K, used 88711K [0x00000000eb2a0000, 0x00000000f187b000, 0x0000000100000000)
   the space 104300K,  85% used [0x00000000eb2a0000, 0x00000000f0941cc8, 0x00000000f0941e00, 0x00000000f187b000)
 Metaspace       used 15081K, capacity 15310K, committed 15488K, reserved 1062912K
  class space    used 1844K, capacity 1918K, committed 1920K, reserved 1048576K
Event: 37.549 GC heap after
Heap after GC invocations=189 (full 3):
 def new generation   total 47040K, used 2535K [0x00000000e0c00000, 0x00000000e3f00000, 0x00000000eb2a0000)
  eden space 41856K,   0% used [0x00000000e0c00000, 0x00000000e0c00000, 0x00000000e34e0000)
  from space 5184K,  48% used [0x00000000e39f0000, 0x00000000e3c69f58, 0x00000000e3f00000)
  to   space 5184K,   0% used [0x00000000e34e0000, 0x00000000e34e0000, 0x00000000e39f0000)
 tenured generation   total 104300K, used 88711K [0x00000000eb2a0000, 0x00000000f187b000, 0x0000000100000000)
   the space 104300K,  85% used [0x00000000eb2a0000, 0x00000000f0941cc8, 0x00000000f0941e00, 0x00000000f187b000)
 Metaspace       used 15081K, capacity 15310K, committed 15488K, reserved 1062912K
  class space    used 1844K, capacity 1918K, committed 1920K, reserved 1048576K
}
Event: 78.639 GC heap before
{Heap before GC invocations=189 (full 3):
 def new generation   total 47040K, used 44391K [0x00000000e0c00000, 0x00000000e3f00000, 0x00000000eb2a0000)
  eden space 41856K, 100% used [0x00000000e0c00000, 0x00000000e34e0000, 0x00000000e34e0000)
  from space 5184K,  48% used [0x00000000e39f0000, 0x00000000e3c69f58, 0x00000000e3f00000)
  to   space 5184K,   0% used [0x00000000e34e0000, 0x00000000e34e0000, 0x00000000e39f0000)
 tenured generation   total 104300K, used 88711K [0x00000000eb2a0000, 0x00000000f187b000, 0x0000000100000000)
   the space 104300K,  85% used [0x00000000eb2a0000, 0x00000000f0941cc8, 0x00000000f0941e00, 0x00000000f187b000)
 Metaspace       used 15594K, capacity 15822K, committed 16128K, reserved 1062912K
  class space    used 1885K, capacity 1982K, committed 2048K, reserved 1048576K
Event: 78.686 GC heap after
Heap after GC invocations=190 (full 3):
 def new generation   total 47040K, used 5184K [0x00000000e0c00000, 0x00000000e3f00000, 0x00000000eb2a0000)
  eden space 41856K,   0% used [0x00000000e0c00000, 0x00000000e0c00000, 0x00000000e34e0000)
  from space 5184K, 100% used [0x00000000e34e0000, 0x00000000e39f0000, 0x00000000e39f0000)
  to   space 5184K,   0% used [0x00000000e39f0000, 0x00000000e39f0000, 0x00000000e3f00000)
 tenured generation   total 104300K, used 100508K [0x00000000eb2a0000, 0x00000000f187b000, 0x0000000100000000)
   the space 104300K,  96% used [0x00000000eb2a0000, 0x00000000f14c71c0, 0x00000000f14c7200, 0x00000000f187b000)
 Metaspace       used 15594K, capacity 15822K, committed 16128K, reserved 1062912K
  class space    used 1885K, capacity 1982K, committed 2048K, reserved 1048576K
}
Event: 84.792 GC heap before
{Heap before GC invocations=190 (full 3):
 def new generation   total 47040K, used 47040K [0x00000000e0c00000, 0x00000000e3f00000, 0x00000000eb2a0000)
  eden space 41856K, 100% used [0x00000000e0c00000, 0x00000000e34e0000, 0x00000000e34e0000)
  from space 5184K, 100% used [0x00000000e34e0000, 0x00000000e39f0000, 0x00000000e39f0000)
  to   space 5184K,   0% used [0x00000000e39f0000, 0x00000000e39f0000, 0x00000000e3f00000)
 tenured generation   total 104300K, used 100508K [0x00000000eb2a0000, 0x00000000f187b000, 0x0000000100000000)
   the space 104300K,  96% used [0x00000000eb2a0000, 0x00000000f14c71c0, 0x00000000f14c7200, 0x00000000f187b000)
 Metaspace       used 15623K, capacity 15886K, committed 16128K, reserved 1062912K
  class space    used 1885K, capacity 1982K, committed 2048K, reserved 1048576K

